<?xml version="1.0" encoding="UTF-8"?>
<testsuite xmlns:xsi="http://www.w3.org/2001/XMLSchema-instance" xsi:noNamespaceSchemaLocation="https://maven.apache.org/surefire/maven-surefire-plugin/xsd/surefire-test-report.xsd" version="3.0.2" name="com.projects.currency_converter.CurrencyConverterApplicationTests" time="4.052" tests="1" errors="0" skipped="0" failures="0">
  <properties>
[...]
</properties>
  <testcase name="contextLoads" classname="com.projects.currency_converter.CurrencyConverterApplicationTests" time="0.318">
    <system-out><![CDATA[11:50:55.834 [main] INFO org.springframework.test.context.support.AnnotationConfigContextLoaderUtils -- Could not detect default configuration classes for test class [com.projects.currency_converter.CurrencyConverterApplicationTests]: CurrencyConverterApplicationTests does not declare any static, non-private, non-final, nested classes annotated with @Configuration.
11:50:55.893 [main] INFO org.springframework.boot.test.context.SpringBootTestContextBootstrapper -- Found @SpringBootConfiguration com.projects.currency_converter.CurrencyConverterApplication for test class com.projects.currency_converter.CurrencyConverterApplicationTests

  .   ____          _            __ _ _
 /\\ / ___'_ __ _ _(_)_ __  __ _ \ \ \ \
( ( )\___ | '_ | '_| | '_ \/ _` | \ \ \ \
 \\/  ___)| |_)| | | | | || (_| |  ) ) ) )
  '  |____| .__|_| |_|_| |_\__, | / / / /
 =========|_|==============|___/=/_/_/_/

 :: Spring Boot ::                (v3.5.3)

2025-07-11T11:50:56.107-04:00  INFO 95616 --- [currency_converter] [           main] c.p.c.CurrencyConverterApplicationTests  : Starting CurrencyConverterApplicationTests using Java 21.0.2 with PID 95616 (started by tejasvirozukurthi in /Users/tejasvirozukurthi/Desktop/Learning/my_digital_platform/currency_converter)
2025-07-11T11:50:56.108-04:00  INFO 95616 --- [currency_converter] [           main] c.p.c.CurrencyConverterApplicationTests  : No active profile set, falling back to 1 default profile: "default"
2025-07-11T11:50:56.487-04:00  INFO 95616 --- [currency_converter] [           main] .s.d.r.c.RepositoryConfigurationDelegate : Bootstrapping Spring Data JPA repositories in DEFAULT mode.
2025-07-11T11:50:56.511-04:00  INFO 95616 --- [currency_converter] [           main] .s.d.r.c.RepositoryConfigurationDelegate : Finished Spring Data repository scanning in 19 ms. Found 1 JPA repository interface.
2025-07-11T11:50:56.741-04:00  INFO 95616 --- [currency_converter] [           main] o.hibernate.jpa.internal.util.LogHelper  : HHH000204: Processing PersistenceUnitInfo [name: default]
2025-07-11T11:50:56.779-04:00  INFO 95616 --- [currency_converter] [           main] org.hibernate.Version                    : HHH000412: Hibernate ORM core version 6.6.18.Final
2025-07-11T11:50:56.796-04:00  INFO 95616 --- [currency_converter] [           main] o.h.c.internal.RegionFactoryInitiator    : HHH000026: Second-level cache disabled
2025-07-11T11:50:56.945-04:00  INFO 95616 --- [currency_converter] [           main] o.s.o.j.p.SpringPersistenceUnitInfo      : No LoadTimeWeaver setup: ignoring JPA class transformer
2025-07-11T11:50:56.959-04:00  INFO 95616 --- [currency_converter] [           main] com.zaxxer.hikari.HikariDataSource       : HikariPool-1 - Starting...
2025-07-11T11:50:57.042-04:00  INFO 95616 --- [currency_converter] [           main] com.zaxxer.hikari.pool.HikariPool        : HikariPool-1 - Added connection conn0: url=jdbc:h2:mem:currencydb user=SA
2025-07-11T11:50:57.043-04:00  INFO 95616 --- [currency_converter] [           main] com.zaxxer.hikari.HikariDataSource       : HikariPool-1 - Start completed.
2025-07-11T11:50:57.056-04:00  WARN 95616 --- [currency_converter] [           main] org.hibernate.orm.deprecation            : HHH90000025: H2Dialect does not need to be specified explicitly using 'hibernate.dialect' (remove the property setting and it will be selected by default)
2025-07-11T11:50:57.066-04:00  INFO 95616 --- [currency_converter] [           main] org.hibernate.orm.connections.pooling    : HHH10001005: Database info:
	Database JDBC URL [Connecting through datasource 'HikariDataSource (HikariPool-1)']
	Database driver: undefined/unknown
	Database version: 2.3.232
	Autocommit mode: undefined/unknown
	Isolation level: undefined/unknown
	Minimum pool size: undefined/unknown
	Maximum pool size: undefined/unknown
2025-07-11T11:50:57.443-04:00  INFO 95616 --- [currency_converter] [           main] o.h.e.t.j.p.i.JtaPlatformInitiator       : HHH000489: No JTA platform available (set 'hibernate.transaction.jta.platform' to enable JTA platform integration)
2025-07-11T11:50:57.457-04:00  INFO 95616 --- [currency_converter] [           main] j.LocalContainerEntityManagerFactoryBean : Initialized JPA EntityManagerFactory for persistence unit 'default'
2025-07-11T11:50:57.587-04:00  INFO 95616 --- [currency_converter] [           main] o.s.d.j.r.query.QueryEnhancerFactory     : Hibernate is in classpath; If applicable, HQL parser will be used.
2025-07-11T11:50:57.935-04:00  INFO 95616 --- [currency_converter] [           main] c.p.c.s.ExchangeRateUpdaterService       : initializeRates() :: Starting to initialize exchange rates with USD as default.....
2025-07-11T11:50:57.935-04:00  INFO 95616 --- [currency_converter] [           main] c.p.c.s.ExchangeRateUpdaterService       : updateRatesForBaseCurrency() :: Fetching rates from API.....
2025-07-11T11:50:57.935-04:00  INFO 95616 --- [currency_converter] [           main] c.p.c.s.ExchangeRateUpdaterService       : updateRatesForBaseCurrency() :: API URL: https://v6.exchangerate-api.com/v6/7fa779a7148f7b4853c93749/latest/USD
2025-07-11T11:50:58.811-04:00  INFO 95616 --- [currency_converter] [           main] c.p.c.s.ExchangeRateUpdaterService       : updateRatesForBaseCurrency() :: Response received USD: {result=success, documentation=https://www.exchangerate-api.com/docs, terms_of_use=https://www.exchangerate-api.com/terms, time_last_update_unix=1752192001, time_last_update_utc=Fri, 11 Jul 2025 00:00:01 +0000, time_next_update_unix=1752278401, time_next_update_utc=Sat, 12 Jul 2025 00:00:01 +0000, base_code=USD, conversion_rates={USD=1, AED=3.6725, AFN=69.4747, ALL=83.562, AMD=383.8972, ANG=1.79, AOA=918.5102, ARS=1261.17, AUD=1.5218, AWG=1.79, AZN=1.7013, BAM=1.671, BBD=2.0, BDT=121.7335, BGN=1.6709, BHD=0.376, BIF=2971.0451, BMD=1.0, BND=1.2796, BOB=6.9184, BRL=5.5787, BSD=1.0, BTN=85.7404, BWP=13.3659, BYN=3.1671, BZD=2.0, CAD=1.3669, CDF=2888.1244, CHF=0.7966, CLP=949.9029, CNY=7.1795, COP=4026.6542, CRC=504.5521, CUP=24.0, CVE=94.2063, CZK=21.0437, DJF=177.721, DKK=6.374, DOP=60.0134, DZD=129.8156, EGP=49.522, ERN=15.0, ETB=136.6113, EUR=0.8544, FJD=2.2481, FKP=0.7364, FOK=6.3741, GBP=0.7364, GEL=2.7167, GGP=0.7364, GHS=10.749, GIP=0.7364, GMD=72.7497, GNF=8687.4218, GTQ=7.6881, GYD=209.1896, HKD=7.8501, HNL=26.1708, HRK=6.4372, HTG=131.1091, HUF=340.6769, IDR=16244.9655, ILS=3.3084, IMP=0.7364, INR=85.7405, IQD=1309.6813, IRR=42383.1844, ISK=122.1555, JEP=0.7364, JMD=159.9424, JOD=0.709, JPY=146.2904, KES=129.3144, KGS=87.3839, KHR=4014.388, KID=1.5214, KMF=420.3189, KRW=1372.3209, KWD=0.3055, KYD=0.8333, KZT=519.0044, LAK=21610.9405, LBP=89500.0, LKR=300.3888, LRD=200.485, LSL=17.7376, LYD=5.4062, MAD=9.0032, MDL=16.9063, MGA=4415.3408, MKD=52.658, MMK=2102.7873, MNT=3607.0101, MOP=8.0858, MRU=39.9533, MUR=45.1478, MVR=15.4505, MWK=1741.1979, MXN=18.6225, MYR=4.2485, MZN=63.6635, NAD=17.7376, NGN=1530.4612, NIO=36.8182, NOK=10.0782, NPR=137.1847, NZD=1.6594, OMR=0.3845, PAB=1.0, PEN=3.5481, PGK=4.1825, PHP=56.5121, PKR=284.4985, PLN=3.6296, PYG=7895.772, QAR=3.64, RON=4.3324, RSD=99.976, RUB=77.7758, RWF=1446.7617, SAR=3.75, SBD=8.2806, SCR=14.7189, SDG=511.6999, SEK=9.5068, SGD=1.2796, SHP=0.7364, SLE=22.4531, SLL=22453.1339, SOS=571.364, SRD=37.3908, SSP=4653.1171, STN=20.9319, SYP=12935.8165, SZL=17.7376, THB=32.6161, TJS=9.7672, TMT=3.4995, TND=2.8938, TOP=2.3839, TRY=40.1565, TTD=6.7779, TVD=1.5214, TWD=29.1604, TZS=2596.0952, UAH=41.8683, UGX=3572.9802, UYU=40.4726, UZS=12662.9193, VES=114.4115, VND=26048.2436, VUV=119.1871, WST=2.7296, XAF=560.4252, XCD=2.7, XCG=1.79, XDR=0.7287, XOF=560.4252, XPF=101.9528, YER=242.2546, ZAR=17.7373, ZMW=23.9413, ZWL=26.8461}}
2025-07-11T11:50:58.812-04:00  INFO 95616 --- [currency_converter] [           main] c.p.c.s.ExchangeRateUpdaterService       : updateRatesForBaseCurrency() :: Rates received USD :: {USD=1, AED=3.6725, AFN=69.4747, ALL=83.562, AMD=383.8972, ANG=1.79, AOA=918.5102, ARS=1261.17, AUD=1.5218, AWG=1.79, AZN=1.7013, BAM=1.671, BBD=2.0, BDT=121.7335, BGN=1.6709, BHD=0.376, BIF=2971.0451, BMD=1.0, BND=1.2796, BOB=6.9184, BRL=5.5787, BSD=1.0, BTN=85.7404, BWP=13.3659, BYN=3.1671, BZD=2.0, CAD=1.3669, CDF=2888.1244, CHF=0.7966, CLP=949.9029, CNY=7.1795, COP=4026.6542, CRC=504.5521, CUP=24.0, CVE=94.2063, CZK=21.0437, DJF=177.721, DKK=6.374, DOP=60.0134, DZD=129.8156, EGP=49.522, ERN=15.0, ETB=136.6113, EUR=0.8544, FJD=2.2481, FKP=0.7364, FOK=6.3741, GBP=0.7364, GEL=2.7167, GGP=0.7364, GHS=10.749, GIP=0.7364, GMD=72.7497, GNF=8687.4218, GTQ=7.6881, GYD=209.1896, HKD=7.8501, HNL=26.1708, HRK=6.4372, HTG=131.1091, HUF=340.6769, IDR=16244.9655, ILS=3.3084, IMP=0.7364, INR=85.7405, IQD=1309.6813, IRR=42383.1844, ISK=122.1555, JEP=0.7364, JMD=159.9424, JOD=0.709, JPY=146.2904, KES=129.3144, KGS=87.3839, KHR=4014.388, KID=1.5214, KMF=420.3189, KRW=1372.3209, KWD=0.3055, KYD=0.8333, KZT=519.0044, LAK=21610.9405, LBP=89500.0, LKR=300.3888, LRD=200.485, LSL=17.7376, LYD=5.4062, MAD=9.0032, MDL=16.9063, MGA=4415.3408, MKD=52.658, MMK=2102.7873, MNT=3607.0101, MOP=8.0858, MRU=39.9533, MUR=45.1478, MVR=15.4505, MWK=1741.1979, MXN=18.6225, MYR=4.2485, MZN=63.6635, NAD=17.7376, NGN=1530.4612, NIO=36.8182, NOK=10.0782, NPR=137.1847, NZD=1.6594, OMR=0.3845, PAB=1.0, PEN=3.5481, PGK=4.1825, PHP=56.5121, PKR=284.4985, PLN=3.6296, PYG=7895.772, QAR=3.64, RON=4.3324, RSD=99.976, RUB=77.7758, RWF=1446.7617, SAR=3.75, SBD=8.2806, SCR=14.7189, SDG=511.6999, SEK=9.5068, SGD=1.2796, SHP=0.7364, SLE=22.4531, SLL=22453.1339, SOS=571.364, SRD=37.3908, SSP=4653.1171, STN=20.9319, SYP=12935.8165, SZL=17.7376, THB=32.6161, TJS=9.7672, TMT=3.4995, TND=2.8938, TOP=2.3839, TRY=40.1565, TTD=6.7779, TVD=1.5214, TWD=29.1604, TZS=2596.0952, UAH=41.8683, UGX=3572.9802, UYU=40.4726, UZS=12662.9193, VES=114.4115, VND=26048.2436, VUV=119.1871, WST=2.7296, XAF=560.4252, XCD=2.7, XCG=1.79, XDR=0.7287, XOF=560.4252, XPF=101.9528, YER=242.2546, ZAR=17.7373, ZMW=23.9413, ZWL=26.8461} 
2025-07-11T11:50:58.813-04:00  INFO 95616 --- [currency_converter] [           main] c.p.c.s.ExchangeRateUpdaterService       : Processing Rates for base currency: USD
2025-07-11T11:50:58.814-04:00  INFO 95616 --- [currency_converter] [           main] c.p.c.s.ExchangeRateUpdaterService       : PAIR : USD_AED
2025-07-11T11:50:58.928-04:00  INFO 95616 --- [currency_converter] [           main] c.p.c.s.ExchangeRateUpdaterService       : updateRatesForBaseCurrency() :: Rates saved for pair : USD_AED
2025-07-11T11:50:58.929-04:00  INFO 95616 --- [currency_converter] [           main] c.p.c.s.ExchangeRateUpdaterService       : PAIR : USD_AFN
2025-07-11T11:50:58.930-04:00  INFO 95616 --- [currency_converter] [           main] c.p.c.s.ExchangeRateUpdaterService       : updateRatesForBaseCurrency() :: Rates saved for pair : USD_AFN
2025-07-11T11:50:58.931-04:00  INFO 95616 --- [currency_converter] [           main] c.p.c.s.ExchangeRateUpdaterService       : PAIR : USD_ALL
2025-07-11T11:50:58.932-04:00  INFO 95616 --- [currency_converter] [           main] c.p.c.s.ExchangeRateUpdaterService       : updateRatesForBaseCurrency() :: Rates saved for pair : USD_ALL
2025-07-11T11:50:58.932-04:00  INFO 95616 --- [currency_converter] [           main] c.p.c.s.ExchangeRateUpdaterService       : PAIR : USD_AMD
2025-07-11T11:50:58.934-04:00  INFO 95616 --- [currency_converter] [           main] c.p.c.s.ExchangeRateUpdaterService       : updateRatesForBaseCurrency() :: Rates saved for pair : USD_AMD
2025-07-11T11:50:58.934-04:00  INFO 95616 --- [currency_converter] [           main] c.p.c.s.ExchangeRateUpdaterService       : PAIR : USD_ANG
2025-07-11T11:50:58.935-04:00  INFO 95616 --- [currency_converter] [           main] c.p.c.s.ExchangeRateUpdaterService       : updateRatesForBaseCurrency() :: Rates saved for pair : USD_ANG
2025-07-11T11:50:58.935-04:00  INFO 95616 --- [currency_converter] [           main] c.p.c.s.ExchangeRateUpdaterService       : PAIR : USD_AOA
2025-07-11T11:50:58.937-04:00  INFO 95616 --- [currency_converter] [           main] c.p.c.s.ExchangeRateUpdaterService       : updateRatesForBaseCurrency() :: Rates saved for pair : USD_AOA
2025-07-11T11:50:58.937-04:00  INFO 95616 --- [currency_converter] [           main] c.p.c.s.ExchangeRateUpdaterService       : PAIR : USD_ARS
2025-07-11T11:50:58.938-04:00  INFO 95616 --- [currency_converter] [           main] c.p.c.s.ExchangeRateUpdaterService       : updateRatesForBaseCurrency() :: Rates saved for pair : USD_ARS
2025-07-11T11:50:58.938-04:00  INFO 95616 --- [currency_converter] [           main] c.p.c.s.ExchangeRateUpdaterService       : PAIR : USD_AUD
2025-07-11T11:50:58.940-04:00  INFO 95616 --- [currency_converter] [           main] c.p.c.s.ExchangeRateUpdaterService       : updateRatesForBaseCurrency() :: Rates saved for pair : USD_AUD
2025-07-11T11:50:58.940-04:00  INFO 95616 --- [currency_converter] [           main] c.p.c.s.ExchangeRateUpdaterService       : PAIR : USD_AWG
2025-07-11T11:50:58.942-04:00  INFO 95616 --- [currency_converter] [           main] c.p.c.s.ExchangeRateUpdaterService       : updateRatesForBaseCurrency() :: Rates saved for pair : USD_AWG
2025-07-11T11:50:58.942-04:00  INFO 95616 --- [currency_converter] [           main] c.p.c.s.ExchangeRateUpdaterService       : PAIR : USD_AZN
2025-07-11T11:50:58.944-04:00  INFO 95616 --- [currency_converter] [           main] c.p.c.s.ExchangeRateUpdaterService       : updateRatesForBaseCurrency() :: Rates saved for pair : USD_AZN
2025-07-11T11:50:58.944-04:00  INFO 95616 --- [currency_converter] [           main] c.p.c.s.ExchangeRateUpdaterService       : PAIR : USD_BAM
2025-07-11T11:50:58.946-04:00  INFO 95616 --- [currency_converter] [           main] c.p.c.s.ExchangeRateUpdaterService       : updateRatesForBaseCurrency() :: Rates saved for pair : USD_BAM
2025-07-11T11:50:58.946-04:00  INFO 95616 --- [currency_converter] [           main] c.p.c.s.ExchangeRateUpdaterService       : PAIR : USD_BBD
2025-07-11T11:50:58.948-04:00  INFO 95616 --- [currency_converter] [           main] c.p.c.s.ExchangeRateUpdaterService       : updateRatesForBaseCurrency() :: Rates saved for pair : USD_BBD
2025-07-11T11:50:58.948-04:00  INFO 95616 --- [currency_converter] [           main] c.p.c.s.ExchangeRateUpdaterService       : PAIR : USD_BDT
2025-07-11T11:50:58.950-04:00  INFO 95616 --- [currency_converter] [           main] c.p.c.s.ExchangeRateUpdaterService       : updateRatesForBaseCurrency() :: Rates saved for pair : USD_BDT
2025-07-11T11:50:58.950-04:00  INFO 95616 --- [currency_converter] [           main] c.p.c.s.ExchangeRateUpdaterService       : PAIR : USD_BGN
2025-07-11T11:50:58.951-04:00  INFO 95616 --- [currency_converter] [           main] c.p.c.s.ExchangeRateUpdaterService       : updateRatesForBaseCurrency() :: Rates saved for pair : USD_BGN
2025-07-11T11:50:58.952-04:00  INFO 95616 --- [currency_converter] [           main] c.p.c.s.ExchangeRateUpdaterService       : PAIR : USD_BHD
2025-07-11T11:50:58.953-04:00  INFO 95616 --- [currency_converter] [           main] c.p.c.s.ExchangeRateUpdaterService       : updateRatesForBaseCurrency() :: Rates saved for pair : USD_BHD
2025-07-11T11:50:58.953-04:00  INFO 95616 --- [currency_converter] [           main] c.p.c.s.ExchangeRateUpdaterService       : PAIR : USD_BIF
2025-07-11T11:50:58.955-04:00  INFO 95616 --- [currency_converter] [           main] c.p.c.s.ExchangeRateUpdaterService       : updateRatesForBaseCurrency() :: Rates saved for pair : USD_BIF
2025-07-11T11:50:58.955-04:00  INFO 95616 --- [currency_converter] [           main] c.p.c.s.ExchangeRateUpdaterService       : PAIR : USD_BMD
2025-07-11T11:50:58.957-04:00  INFO 95616 --- [currency_converter] [           main] c.p.c.s.ExchangeRateUpdaterService       : updateRatesForBaseCurrency() :: Rates saved for pair : USD_BMD
2025-07-11T11:50:58.957-04:00  INFO 95616 --- [currency_converter] [           main] c.p.c.s.ExchangeRateUpdaterService       : PAIR : USD_BND
2025-07-11T11:50:58.958-04:00  INFO 95616 --- [currency_converter] [           main] c.p.c.s.ExchangeRateUpdaterService       : updateRatesForBaseCurrency() :: Rates saved for pair : USD_BND
2025-07-11T11:50:58.959-04:00  INFO 95616 --- [currency_converter] [           main] c.p.c.s.ExchangeRateUpdaterService       : PAIR : USD_BOB
2025-07-11T11:50:58.960-04:00  INFO 95616 --- [currency_converter] [           main] c.p.c.s.ExchangeRateUpdaterService       : updateRatesForBaseCurrency() :: Rates saved for pair : USD_BOB
2025-07-11T11:50:58.960-04:00  INFO 95616 --- [currency_converter] [           main] c.p.c.s.ExchangeRateUpdaterService       : PAIR : USD_BRL
2025-07-11T11:50:58.962-04:00  INFO 95616 --- [currency_converter] [           main] c.p.c.s.ExchangeRateUpdaterService       : updateRatesForBaseCurrency() :: Rates saved for pair : USD_BRL
2025-07-11T11:50:58.962-04:00  INFO 95616 --- [currency_converter] [           main] c.p.c.s.ExchangeRateUpdaterService       : PAIR : USD_BSD
2025-07-11T11:50:58.964-04:00  INFO 95616 --- [currency_converter] [           main] c.p.c.s.ExchangeRateUpdaterService       : updateRatesForBaseCurrency() :: Rates saved for pair : USD_BSD
2025-07-11T11:50:58.964-04:00  INFO 95616 --- [currency_converter] [           main] c.p.c.s.ExchangeRateUpdaterService       : PAIR : USD_BTN
2025-07-11T11:50:58.966-04:00  INFO 95616 --- [currency_converter] [           main] c.p.c.s.ExchangeRateUpdaterService       : updateRatesForBaseCurrency() :: Rates saved for pair : USD_BTN
2025-07-11T11:50:58.966-04:00  INFO 95616 --- [currency_converter] [           main] c.p.c.s.ExchangeRateUpdaterService       : PAIR : USD_BWP
2025-07-11T11:50:58.968-04:00  INFO 95616 --- [currency_converter] [           main] c.p.c.s.ExchangeRateUpdaterService       : updateRatesForBaseCurrency() :: Rates saved for pair : USD_BWP
2025-07-11T11:50:58.968-04:00  INFO 95616 --- [currency_converter] [           main] c.p.c.s.ExchangeRateUpdaterService       : PAIR : USD_BYN
2025-07-11T11:50:58.970-04:00  INFO 95616 --- [currency_converter] [           main] c.p.c.s.ExchangeRateUpdaterService       : updateRatesForBaseCurrency() :: Rates saved for pair : USD_BYN
2025-07-11T11:50:58.970-04:00  INFO 95616 --- [currency_converter] [           main] c.p.c.s.ExchangeRateUpdaterService       : PAIR : USD_BZD
2025-07-11T11:50:58.971-04:00  INFO 95616 --- [currency_converter] [           main] c.p.c.s.ExchangeRateUpdaterService       : updateRatesForBaseCurrency() :: Rates saved for pair : USD_BZD
2025-07-11T11:50:58.971-04:00  INFO 95616 --- [currency_converter] [           main] c.p.c.s.ExchangeRateUpdaterService       : PAIR : USD_CAD
2025-07-11T11:50:58.973-04:00  INFO 95616 --- [currency_converter] [           main] c.p.c.s.ExchangeRateUpdaterService       : updateRatesForBaseCurrency() :: Rates saved for pair : USD_CAD
2025-07-11T11:50:58.973-04:00  INFO 95616 --- [currency_converter] [           main] c.p.c.s.ExchangeRateUpdaterService       : PAIR : USD_CDF
2025-07-11T11:50:58.975-04:00  INFO 95616 --- [currency_converter] [           main] c.p.c.s.ExchangeRateUpdaterService       : updateRatesForBaseCurrency() :: Rates saved for pair : USD_CDF
2025-07-11T11:50:58.975-04:00  INFO 95616 --- [currency_converter] [           main] c.p.c.s.ExchangeRateUpdaterService       : PAIR : USD_CHF
2025-07-11T11:50:58.976-04:00  INFO 95616 --- [currency_converter] [           main] c.p.c.s.ExchangeRateUpdaterService       : updateRatesForBaseCurrency() :: Rates saved for pair : USD_CHF
2025-07-11T11:50:58.976-04:00  INFO 95616 --- [currency_converter] [           main] c.p.c.s.ExchangeRateUpdaterService       : PAIR : USD_CLP
2025-07-11T11:50:58.978-04:00  INFO 95616 --- [currency_converter] [           main] c.p.c.s.ExchangeRateUpdaterService       : updateRatesForBaseCurrency() :: Rates saved for pair : USD_CLP
2025-07-11T11:50:58.978-04:00  INFO 95616 --- [currency_converter] [           main] c.p.c.s.ExchangeRateUpdaterService       : PAIR : USD_CNY
2025-07-11T11:50:58.980-04:00  INFO 95616 --- [currency_converter] [           main] c.p.c.s.ExchangeRateUpdaterService       : updateRatesForBaseCurrency() :: Rates saved for pair : USD_CNY
2025-07-11T11:50:58.980-04:00  INFO 95616 --- [currency_converter] [           main] c.p.c.s.ExchangeRateUpdaterService       : PAIR : USD_COP
2025-07-11T11:50:58.982-04:00  INFO 95616 --- [currency_converter] [           main] c.p.c.s.ExchangeRateUpdaterService       : updateRatesForBaseCurrency() :: Rates saved for pair : USD_COP
2025-07-11T11:50:58.982-04:00  INFO 95616 --- [currency_converter] [           main] c.p.c.s.ExchangeRateUpdaterService       : PAIR : USD_CRC
2025-07-11T11:50:58.984-04:00  INFO 95616 --- [currency_converter] [           main] c.p.c.s.ExchangeRateUpdaterService       : updateRatesForBaseCurrency() :: Rates saved for pair : USD_CRC
2025-07-11T11:50:58.984-04:00  INFO 95616 --- [currency_converter] [           main] c.p.c.s.ExchangeRateUpdaterService       : PAIR : USD_CUP
2025-07-11T11:50:58.985-04:00  INFO 95616 --- [currency_converter] [           main] c.p.c.s.ExchangeRateUpdaterService       : updateRatesForBaseCurrency() :: Rates saved for pair : USD_CUP
2025-07-11T11:50:58.985-04:00  INFO 95616 --- [currency_converter] [           main] c.p.c.s.ExchangeRateUpdaterService       : PAIR : USD_CVE
2025-07-11T11:50:58.987-04:00  INFO 95616 --- [currency_converter] [           main] c.p.c.s.ExchangeRateUpdaterService       : updateRatesForBaseCurrency() :: Rates saved for pair : USD_CVE
2025-07-11T11:50:58.987-04:00  INFO 95616 --- [currency_converter] [           main] c.p.c.s.ExchangeRateUpdaterService       : PAIR : USD_CZK
2025-07-11T11:50:58.988-04:00  INFO 95616 --- [currency_converter] [           main] c.p.c.s.ExchangeRateUpdaterService       : updateRatesForBaseCurrency() :: Rates saved for pair : USD_CZK
2025-07-11T11:50:58.988-04:00  INFO 95616 --- [currency_converter] [           main] c.p.c.s.ExchangeRateUpdaterService       : PAIR : USD_DJF
2025-07-11T11:50:58.990-04:00  INFO 95616 --- [currency_converter] [           main] c.p.c.s.ExchangeRateUpdaterService       : updateRatesForBaseCurrency() :: Rates saved for pair : USD_DJF
2025-07-11T11:50:58.990-04:00  INFO 95616 --- [currency_converter] [           main] c.p.c.s.ExchangeRateUpdaterService       : PAIR : USD_DKK
2025-07-11T11:50:58.991-04:00  INFO 95616 --- [currency_converter] [           main] c.p.c.s.ExchangeRateUpdaterService       : updateRatesForBaseCurrency() :: Rates saved for pair : USD_DKK
2025-07-11T11:50:58.991-04:00  INFO 95616 --- [currency_converter] [           main] c.p.c.s.ExchangeRateUpdaterService       : PAIR : USD_DOP
2025-07-11T11:50:58.993-04:00  INFO 95616 --- [currency_converter] [           main] c.p.c.s.ExchangeRateUpdaterService       : updateRatesForBaseCurrency() :: Rates saved for pair : USD_DOP
2025-07-11T11:50:58.993-04:00  INFO 95616 --- [currency_converter] [           main] c.p.c.s.ExchangeRateUpdaterService       : PAIR : USD_DZD
2025-07-11T11:50:58.994-04:00  INFO 95616 --- [currency_converter] [           main] c.p.c.s.ExchangeRateUpdaterService       : updateRatesForBaseCurrency() :: Rates saved for pair : USD_DZD
2025-07-11T11:50:58.994-04:00  INFO 95616 --- [currency_converter] [           main] c.p.c.s.ExchangeRateUpdaterService       : PAIR : USD_EGP
2025-07-11T11:50:58.996-04:00  INFO 95616 --- [currency_converter] [           main] c.p.c.s.ExchangeRateUpdaterService       : updateRatesForBaseCurrency() :: Rates saved for pair : USD_EGP
2025-07-11T11:50:58.996-04:00  INFO 95616 --- [currency_converter] [           main] c.p.c.s.ExchangeRateUpdaterService       : PAIR : USD_ERN
2025-07-11T11:50:58.997-04:00  INFO 95616 --- [currency_converter] [           main] c.p.c.s.ExchangeRateUpdaterService       : updateRatesForBaseCurrency() :: Rates saved for pair : USD_ERN
2025-07-11T11:50:58.997-04:00  INFO 95616 --- [currency_converter] [           main] c.p.c.s.ExchangeRateUpdaterService       : PAIR : USD_ETB
2025-07-11T11:50:58.999-04:00  INFO 95616 --- [currency_converter] [           main] c.p.c.s.ExchangeRateUpdaterService       : updateRatesForBaseCurrency() :: Rates saved for pair : USD_ETB
2025-07-11T11:50:58.999-04:00  INFO 95616 --- [currency_converter] [           main] c.p.c.s.ExchangeRateUpdaterService       : PAIR : USD_EUR
2025-07-11T11:50:59.000-04:00  INFO 95616 --- [currency_converter] [           main] c.p.c.s.ExchangeRateUpdaterService       : updateRatesForBaseCurrency() :: Rates saved for pair : USD_EUR
2025-07-11T11:50:59.000-04:00  INFO 95616 --- [currency_converter] [           main] c.p.c.s.ExchangeRateUpdaterService       : PAIR : USD_FJD
2025-07-11T11:50:59.002-04:00  INFO 95616 --- [currency_converter] [           main] c.p.c.s.ExchangeRateUpdaterService       : updateRatesForBaseCurrency() :: Rates saved for pair : USD_FJD
2025-07-11T11:50:59.002-04:00  INFO 95616 --- [currency_converter] [           main] c.p.c.s.ExchangeRateUpdaterService       : PAIR : USD_FKP
2025-07-11T11:50:59.003-04:00  INFO 95616 --- [currency_converter] [           main] c.p.c.s.ExchangeRateUpdaterService       : updateRatesForBaseCurrency() :: Rates saved for pair : USD_FKP
2025-07-11T11:50:59.003-04:00  INFO 95616 --- [currency_converter] [           main] c.p.c.s.ExchangeRateUpdaterService       : PAIR : USD_FOK
2025-07-11T11:50:59.004-04:00  INFO 95616 --- [currency_converter] [           main] c.p.c.s.ExchangeRateUpdaterService       : updateRatesForBaseCurrency() :: Rates saved for pair : USD_FOK
2025-07-11T11:50:59.004-04:00  INFO 95616 --- [currency_converter] [           main] c.p.c.s.ExchangeRateUpdaterService       : PAIR : USD_GBP
2025-07-11T11:50:59.006-04:00  INFO 95616 --- [currency_converter] [           main] c.p.c.s.ExchangeRateUpdaterService       : updateRatesForBaseCurrency() :: Rates saved for pair : USD_GBP
2025-07-11T11:50:59.006-04:00  INFO 95616 --- [currency_converter] [           main] c.p.c.s.ExchangeRateUpdaterService       : PAIR : USD_GEL
2025-07-11T11:50:59.007-04:00  INFO 95616 --- [currency_converter] [           main] c.p.c.s.ExchangeRateUpdaterService       : updateRatesForBaseCurrency() :: Rates saved for pair : USD_GEL
2025-07-11T11:50:59.007-04:00  INFO 95616 --- [currency_converter] [           main] c.p.c.s.ExchangeRateUpdaterService       : PAIR : USD_GGP
2025-07-11T11:50:59.009-04:00  INFO 95616 --- [currency_converter] [           main] c.p.c.s.ExchangeRateUpdaterService       : updateRatesForBaseCurrency() :: Rates saved for pair : USD_GGP
2025-07-11T11:50:59.009-04:00  INFO 95616 --- [currency_converter] [           main] c.p.c.s.ExchangeRateUpdaterService       : PAIR : USD_GHS
2025-07-11T11:50:59.011-04:00  INFO 95616 --- [currency_converter] [           main] c.p.c.s.ExchangeRateUpdaterService       : updateRatesForBaseCurrency() :: Rates saved for pair : USD_GHS
2025-07-11T11:50:59.011-04:00  INFO 95616 --- [currency_converter] [           main] c.p.c.s.ExchangeRateUpdaterService       : PAIR : USD_GIP
2025-07-11T11:50:59.013-04:00  INFO 95616 --- [currency_converter] [           main] c.p.c.s.ExchangeRateUpdaterService       : updateRatesForBaseCurrency() :: Rates saved for pair : USD_GIP
2025-07-11T11:50:59.013-04:00  INFO 95616 --- [currency_converter] [           main] c.p.c.s.ExchangeRateUpdaterService       : PAIR : USD_GMD
2025-07-11T11:50:59.014-04:00  INFO 95616 --- [currency_converter] [           main] c.p.c.s.ExchangeRateUpdaterService       : updateRatesForBaseCurrency() :: Rates saved for pair : USD_GMD
2025-07-11T11:50:59.014-04:00  INFO 95616 --- [currency_converter] [           main] c.p.c.s.ExchangeRateUpdaterService       : PAIR : USD_GNF
2025-07-11T11:50:59.015-04:00  INFO 95616 --- [currency_converter] [           main] c.p.c.s.ExchangeRateUpdaterService       : updateRatesForBaseCurrency() :: Rates saved for pair : USD_GNF
2025-07-11T11:50:59.017-04:00  INFO 95616 --- [currency_converter] [           main] c.p.c.s.ExchangeRateUpdaterService       : PAIR : USD_GTQ
2025-07-11T11:50:59.019-04:00  INFO 95616 --- [currency_converter] [           main] c.p.c.s.ExchangeRateUpdaterService       : updateRatesForBaseCurrency() :: Rates saved for pair : USD_GTQ
2025-07-11T11:50:59.019-04:00  INFO 95616 --- [currency_converter] [           main] c.p.c.s.ExchangeRateUpdaterService       : PAIR : USD_GYD
2025-07-11T11:50:59.021-04:00  INFO 95616 --- [currency_converter] [           main] c.p.c.s.ExchangeRateUpdaterService       : updateRatesForBaseCurrency() :: Rates saved for pair : USD_GYD
2025-07-11T11:50:59.021-04:00  INFO 95616 --- [currency_converter] [           main] c.p.c.s.ExchangeRateUpdaterService       : PAIR : USD_HKD
2025-07-11T11:50:59.022-04:00  INFO 95616 --- [currency_converter] [           main] c.p.c.s.ExchangeRateUpdaterService       : updateRatesForBaseCurrency() :: Rates saved for pair : USD_HKD
2025-07-11T11:50:59.022-04:00  INFO 95616 --- [currency_converter] [           main] c.p.c.s.ExchangeRateUpdaterService       : PAIR : USD_HNL
2025-07-11T11:50:59.023-04:00  INFO 95616 --- [currency_converter] [           main] c.p.c.s.ExchangeRateUpdaterService       : updateRatesForBaseCurrency() :: Rates saved for pair : USD_HNL
2025-07-11T11:50:59.023-04:00  INFO 95616 --- [currency_converter] [           main] c.p.c.s.ExchangeRateUpdaterService       : PAIR : USD_HRK
2025-07-11T11:50:59.024-04:00  INFO 95616 --- [currency_converter] [           main] c.p.c.s.ExchangeRateUpdaterService       : updateRatesForBaseCurrency() :: Rates saved for pair : USD_HRK
2025-07-11T11:50:59.025-04:00  INFO 95616 --- [currency_converter] [           main] c.p.c.s.ExchangeRateUpdaterService       : PAIR : USD_HTG
2025-07-11T11:50:59.026-04:00  INFO 95616 --- [currency_converter] [           main] c.p.c.s.ExchangeRateUpdaterService       : updateRatesForBaseCurrency() :: Rates saved for pair : USD_HTG
2025-07-11T11:50:59.026-04:00  INFO 95616 --- [currency_converter] [           main] c.p.c.s.ExchangeRateUpdaterService       : PAIR : USD_HUF
2025-07-11T11:50:59.028-04:00  INFO 95616 --- [currency_converter] [           main] c.p.c.s.ExchangeRateUpdaterService       : updateRatesForBaseCurrency() :: Rates saved for pair : USD_HUF
2025-07-11T11:50:59.028-04:00  INFO 95616 --- [currency_converter] [           main] c.p.c.s.ExchangeRateUpdaterService       : PAIR : USD_IDR
2025-07-11T11:50:59.029-04:00  INFO 95616 --- [currency_converter] [           main] c.p.c.s.ExchangeRateUpdaterService       : updateRatesForBaseCurrency() :: Rates saved for pair : USD_IDR
2025-07-11T11:50:59.029-04:00  INFO 95616 --- [currency_converter] [           main] c.p.c.s.ExchangeRateUpdaterService       : PAIR : USD_ILS
2025-07-11T11:50:59.031-04:00  INFO 95616 --- [currency_converter] [           main] c.p.c.s.ExchangeRateUpdaterService       : updateRatesForBaseCurrency() :: Rates saved for pair : USD_ILS
2025-07-11T11:50:59.031-04:00  INFO 95616 --- [currency_converter] [           main] c.p.c.s.ExchangeRateUpdaterService       : PAIR : USD_IMP
2025-07-11T11:50:59.033-04:00  INFO 95616 --- [currency_converter] [           main] c.p.c.s.ExchangeRateUpdaterService       : updateRatesForBaseCurrency() :: Rates saved for pair : USD_IMP
2025-07-11T11:50:59.033-04:00  INFO 95616 --- [currency_converter] [           main] c.p.c.s.ExchangeRateUpdaterService       : PAIR : USD_INR
2025-07-11T11:50:59.035-04:00  INFO 95616 --- [currency_converter] [           main] c.p.c.s.ExchangeRateUpdaterService       : updateRatesForBaseCurrency() :: Rates saved for pair : USD_INR
2025-07-11T11:50:59.035-04:00  INFO 95616 --- [currency_converter] [           main] c.p.c.s.ExchangeRateUpdaterService       : PAIR : USD_IQD
2025-07-11T11:50:59.037-04:00  INFO 95616 --- [currency_converter] [           main] c.p.c.s.ExchangeRateUpdaterService       : updateRatesForBaseCurrency() :: Rates saved for pair : USD_IQD
2025-07-11T11:50:59.037-04:00  INFO 95616 --- [currency_converter] [           main] c.p.c.s.ExchangeRateUpdaterService       : PAIR : USD_IRR
2025-07-11T11:50:59.038-04:00  INFO 95616 --- [currency_converter] [           main] c.p.c.s.ExchangeRateUpdaterService       : updateRatesForBaseCurrency() :: Rates saved for pair : USD_IRR
2025-07-11T11:50:59.038-04:00  INFO 95616 --- [currency_converter] [           main] c.p.c.s.ExchangeRateUpdaterService       : PAIR : USD_ISK
2025-07-11T11:50:59.039-04:00  INFO 95616 --- [currency_converter] [           main] c.p.c.s.ExchangeRateUpdaterService       : updateRatesForBaseCurrency() :: Rates saved for pair : USD_ISK
2025-07-11T11:50:59.039-04:00  INFO 95616 --- [currency_converter] [           main] c.p.c.s.ExchangeRateUpdaterService       : PAIR : USD_JEP
2025-07-11T11:50:59.040-04:00  INFO 95616 --- [currency_converter] [           main] c.p.c.s.ExchangeRateUpdaterService       : updateRatesForBaseCurrency() :: Rates saved for pair : USD_JEP
2025-07-11T11:50:59.040-04:00  INFO 95616 --- [currency_converter] [           main] c.p.c.s.ExchangeRateUpdaterService       : PAIR : USD_JMD
2025-07-11T11:50:59.042-04:00  INFO 95616 --- [currency_converter] [           main] c.p.c.s.ExchangeRateUpdaterService       : updateRatesForBaseCurrency() :: Rates saved for pair : USD_JMD
2025-07-11T11:50:59.042-04:00  INFO 95616 --- [currency_converter] [           main] c.p.c.s.ExchangeRateUpdaterService       : PAIR : USD_JOD
2025-07-11T11:50:59.043-04:00  INFO 95616 --- [currency_converter] [           main] c.p.c.s.ExchangeRateUpdaterService       : updateRatesForBaseCurrency() :: Rates saved for pair : USD_JOD
2025-07-11T11:50:59.043-04:00  INFO 95616 --- [currency_converter] [           main] c.p.c.s.ExchangeRateUpdaterService       : PAIR : USD_JPY
2025-07-11T11:50:59.044-04:00  INFO 95616 --- [currency_converter] [           main] c.p.c.s.ExchangeRateUpdaterService       : updateRatesForBaseCurrency() :: Rates saved for pair : USD_JPY
2025-07-11T11:50:59.044-04:00  INFO 95616 --- [currency_converter] [           main] c.p.c.s.ExchangeRateUpdaterService       : PAIR : USD_KES
2025-07-11T11:50:59.049-04:00  INFO 95616 --- [currency_converter] [           main] c.p.c.s.ExchangeRateUpdaterService       : updateRatesForBaseCurrency() :: Rates saved for pair : USD_KES
2025-07-11T11:50:59.049-04:00  INFO 95616 --- [currency_converter] [           main] c.p.c.s.ExchangeRateUpdaterService       : PAIR : USD_KGS
2025-07-11T11:50:59.051-04:00  INFO 95616 --- [currency_converter] [           main] c.p.c.s.ExchangeRateUpdaterService       : updateRatesForBaseCurrency() :: Rates saved for pair : USD_KGS
2025-07-11T11:50:59.051-04:00  INFO 95616 --- [currency_converter] [           main] c.p.c.s.ExchangeRateUpdaterService       : PAIR : USD_KHR
2025-07-11T11:50:59.053-04:00  INFO 95616 --- [currency_converter] [           main] c.p.c.s.ExchangeRateUpdaterService       : updateRatesForBaseCurrency() :: Rates saved for pair : USD_KHR
2025-07-11T11:50:59.053-04:00  INFO 95616 --- [currency_converter] [           main] c.p.c.s.ExchangeRateUpdaterService       : PAIR : USD_KID
2025-07-11T11:50:59.054-04:00  INFO 95616 --- [currency_converter] [           main] c.p.c.s.ExchangeRateUpdaterService       : updateRatesForBaseCurrency() :: Rates saved for pair : USD_KID
2025-07-11T11:50:59.054-04:00  INFO 95616 --- [currency_converter] [           main] c.p.c.s.ExchangeRateUpdaterService       : PAIR : USD_KMF
2025-07-11T11:50:59.055-04:00  INFO 95616 --- [currency_converter] [           main] c.p.c.s.ExchangeRateUpdaterService       : updateRatesForBaseCurrency() :: Rates saved for pair : USD_KMF
2025-07-11T11:50:59.055-04:00  INFO 95616 --- [currency_converter] [           main] c.p.c.s.ExchangeRateUpdaterService       : PAIR : USD_KRW
2025-07-11T11:50:59.057-04:00  INFO 95616 --- [currency_converter] [           main] c.p.c.s.ExchangeRateUpdaterService       : updateRatesForBaseCurrency() :: Rates saved for pair : USD_KRW
2025-07-11T11:50:59.057-04:00  INFO 95616 --- [currency_converter] [           main] c.p.c.s.ExchangeRateUpdaterService       : PAIR : USD_KWD
2025-07-11T11:50:59.058-04:00  INFO 95616 --- [currency_converter] [           main] c.p.c.s.ExchangeRateUpdaterService       : updateRatesForBaseCurrency() :: Rates saved for pair : USD_KWD
2025-07-11T11:50:59.058-04:00  INFO 95616 --- [currency_converter] [           main] c.p.c.s.ExchangeRateUpdaterService       : PAIR : USD_KYD
2025-07-11T11:50:59.059-04:00  INFO 95616 --- [currency_converter] [           main] c.p.c.s.ExchangeRateUpdaterService       : updateRatesForBaseCurrency() :: Rates saved for pair : USD_KYD
2025-07-11T11:50:59.059-04:00  INFO 95616 --- [currency_converter] [           main] c.p.c.s.ExchangeRateUpdaterService       : PAIR : USD_KZT
2025-07-11T11:50:59.061-04:00  INFO 95616 --- [currency_converter] [           main] c.p.c.s.ExchangeRateUpdaterService       : updateRatesForBaseCurrency() :: Rates saved for pair : USD_KZT
2025-07-11T11:50:59.061-04:00  INFO 95616 --- [currency_converter] [           main] c.p.c.s.ExchangeRateUpdaterService       : PAIR : USD_LAK
2025-07-11T11:50:59.062-04:00  INFO 95616 --- [currency_converter] [           main] c.p.c.s.ExchangeRateUpdaterService       : updateRatesForBaseCurrency() :: Rates saved for pair : USD_LAK
2025-07-11T11:50:59.062-04:00  INFO 95616 --- [currency_converter] [           main] c.p.c.s.ExchangeRateUpdaterService       : PAIR : USD_LBP
2025-07-11T11:50:59.063-04:00  INFO 95616 --- [currency_converter] [           main] c.p.c.s.ExchangeRateUpdaterService       : updateRatesForBaseCurrency() :: Rates saved for pair : USD_LBP
2025-07-11T11:50:59.063-04:00  INFO 95616 --- [currency_converter] [           main] c.p.c.s.ExchangeRateUpdaterService       : PAIR : USD_LKR
2025-07-11T11:50:59.064-04:00  INFO 95616 --- [currency_converter] [           main] c.p.c.s.ExchangeRateUpdaterService       : updateRatesForBaseCurrency() :: Rates saved for pair : USD_LKR
2025-07-11T11:50:59.064-04:00  INFO 95616 --- [currency_converter] [           main] c.p.c.s.ExchangeRateUpdaterService       : PAIR : USD_LRD
2025-07-11T11:50:59.065-04:00  INFO 95616 --- [currency_converter] [           main] c.p.c.s.ExchangeRateUpdaterService       : updateRatesForBaseCurrency() :: Rates saved for pair : USD_LRD
2025-07-11T11:50:59.065-04:00  INFO 95616 --- [currency_converter] [           main] c.p.c.s.ExchangeRateUpdaterService       : PAIR : USD_LSL
2025-07-11T11:50:59.067-04:00  INFO 95616 --- [currency_converter] [           main] c.p.c.s.ExchangeRateUpdaterService       : updateRatesForBaseCurrency() :: Rates saved for pair : USD_LSL
2025-07-11T11:50:59.067-04:00  INFO 95616 --- [currency_converter] [           main] c.p.c.s.ExchangeRateUpdaterService       : PAIR : USD_LYD
2025-07-11T11:50:59.068-04:00  INFO 95616 --- [currency_converter] [           main] c.p.c.s.ExchangeRateUpdaterService       : updateRatesForBaseCurrency() :: Rates saved for pair : USD_LYD
2025-07-11T11:50:59.068-04:00  INFO 95616 --- [currency_converter] [           main] c.p.c.s.ExchangeRateUpdaterService       : PAIR : USD_MAD
2025-07-11T11:50:59.070-04:00  INFO 95616 --- [currency_converter] [           main] c.p.c.s.ExchangeRateUpdaterService       : updateRatesForBaseCurrency() :: Rates saved for pair : USD_MAD
2025-07-11T11:50:59.070-04:00  INFO 95616 --- [currency_converter] [           main] c.p.c.s.ExchangeRateUpdaterService       : PAIR : USD_MDL
2025-07-11T11:50:59.071-04:00  INFO 95616 --- [currency_converter] [           main] c.p.c.s.ExchangeRateUpdaterService       : updateRatesForBaseCurrency() :: Rates saved for pair : USD_MDL
2025-07-11T11:50:59.071-04:00  INFO 95616 --- [currency_converter] [           main] c.p.c.s.ExchangeRateUpdaterService       : PAIR : USD_MGA
2025-07-11T11:50:59.072-04:00  INFO 95616 --- [currency_converter] [           main] c.p.c.s.ExchangeRateUpdaterService       : updateRatesForBaseCurrency() :: Rates saved for pair : USD_MGA
2025-07-11T11:50:59.073-04:00  INFO 95616 --- [currency_converter] [           main] c.p.c.s.ExchangeRateUpdaterService       : PAIR : USD_MKD
2025-07-11T11:50:59.074-04:00  INFO 95616 --- [currency_converter] [           main] c.p.c.s.ExchangeRateUpdaterService       : updateRatesForBaseCurrency() :: Rates saved for pair : USD_MKD
2025-07-11T11:50:59.074-04:00  INFO 95616 --- [currency_converter] [           main] c.p.c.s.ExchangeRateUpdaterService       : PAIR : USD_MMK
2025-07-11T11:50:59.075-04:00  INFO 95616 --- [currency_converter] [           main] c.p.c.s.ExchangeRateUpdaterService       : updateRatesForBaseCurrency() :: Rates saved for pair : USD_MMK
2025-07-11T11:50:59.075-04:00  INFO 95616 --- [currency_converter] [           main] c.p.c.s.ExchangeRateUpdaterService       : PAIR : USD_MNT
2025-07-11T11:50:59.076-04:00  INFO 95616 --- [currency_converter] [           main] c.p.c.s.ExchangeRateUpdaterService       : updateRatesForBaseCurrency() :: Rates saved for pair : USD_MNT
2025-07-11T11:50:59.076-04:00  INFO 95616 --- [currency_converter] [           main] c.p.c.s.ExchangeRateUpdaterService       : PAIR : USD_MOP
2025-07-11T11:50:59.077-04:00  INFO 95616 --- [currency_converter] [           main] c.p.c.s.ExchangeRateUpdaterService       : updateRatesForBaseCurrency() :: Rates saved for pair : USD_MOP
2025-07-11T11:50:59.077-04:00  INFO 95616 --- [currency_converter] [           main] c.p.c.s.ExchangeRateUpdaterService       : PAIR : USD_MRU
2025-07-11T11:50:59.078-04:00  INFO 95616 --- [currency_converter] [           main] c.p.c.s.ExchangeRateUpdaterService       : updateRatesForBaseCurrency() :: Rates saved for pair : USD_MRU
2025-07-11T11:50:59.078-04:00  INFO 95616 --- [currency_converter] [           main] c.p.c.s.ExchangeRateUpdaterService       : PAIR : USD_MUR
2025-07-11T11:50:59.079-04:00  INFO 95616 --- [currency_converter] [           main] c.p.c.s.ExchangeRateUpdaterService       : updateRatesForBaseCurrency() :: Rates saved for pair : USD_MUR
2025-07-11T11:50:59.079-04:00  INFO 95616 --- [currency_converter] [           main] c.p.c.s.ExchangeRateUpdaterService       : PAIR : USD_MVR
2025-07-11T11:50:59.081-04:00  INFO 95616 --- [currency_converter] [           main] c.p.c.s.ExchangeRateUpdaterService       : updateRatesForBaseCurrency() :: Rates saved for pair : USD_MVR
2025-07-11T11:50:59.081-04:00  INFO 95616 --- [currency_converter] [           main] c.p.c.s.ExchangeRateUpdaterService       : PAIR : USD_MWK
2025-07-11T11:50:59.082-04:00  INFO 95616 --- [currency_converter] [           main] c.p.c.s.ExchangeRateUpdaterService       : updateRatesForBaseCurrency() :: Rates saved for pair : USD_MWK
2025-07-11T11:50:59.082-04:00  INFO 95616 --- [currency_converter] [           main] c.p.c.s.ExchangeRateUpdaterService       : PAIR : USD_MXN
2025-07-11T11:50:59.083-04:00  INFO 95616 --- [currency_converter] [           main] c.p.c.s.ExchangeRateUpdaterService       : updateRatesForBaseCurrency() :: Rates saved for pair : USD_MXN
2025-07-11T11:50:59.083-04:00  INFO 95616 --- [currency_converter] [           main] c.p.c.s.ExchangeRateUpdaterService       : PAIR : USD_MYR
2025-07-11T11:50:59.085-04:00  INFO 95616 --- [currency_converter] [           main] c.p.c.s.ExchangeRateUpdaterService       : updateRatesForBaseCurrency() :: Rates saved for pair : USD_MYR
2025-07-11T11:50:59.085-04:00  INFO 95616 --- [currency_converter] [           main] c.p.c.s.ExchangeRateUpdaterService       : PAIR : USD_MZN
2025-07-11T11:50:59.086-04:00  INFO 95616 --- [currency_converter] [           main] c.p.c.s.ExchangeRateUpdaterService       : updateRatesForBaseCurrency() :: Rates saved for pair : USD_MZN
2025-07-11T11:50:59.086-04:00  INFO 95616 --- [currency_converter] [           main] c.p.c.s.ExchangeRateUpdaterService       : PAIR : USD_NAD
2025-07-11T11:50:59.087-04:00  INFO 95616 --- [currency_converter] [           main] c.p.c.s.ExchangeRateUpdaterService       : updateRatesForBaseCurrency() :: Rates saved for pair : USD_NAD
2025-07-11T11:50:59.087-04:00  INFO 95616 --- [currency_converter] [           main] c.p.c.s.ExchangeRateUpdaterService       : PAIR : USD_NGN
2025-07-11T11:50:59.088-04:00  INFO 95616 --- [currency_converter] [           main] c.p.c.s.ExchangeRateUpdaterService       : updateRatesForBaseCurrency() :: Rates saved for pair : USD_NGN
2025-07-11T11:50:59.088-04:00  INFO 95616 --- [currency_converter] [           main] c.p.c.s.ExchangeRateUpdaterService       : PAIR : USD_NIO
2025-07-11T11:50:59.090-04:00  INFO 95616 --- [currency_converter] [           main] c.p.c.s.ExchangeRateUpdaterService       : updateRatesForBaseCurrency() :: Rates saved for pair : USD_NIO
2025-07-11T11:50:59.090-04:00  INFO 95616 --- [currency_converter] [           main] c.p.c.s.ExchangeRateUpdaterService       : PAIR : USD_NOK
2025-07-11T11:50:59.092-04:00  INFO 95616 --- [currency_converter] [           main] c.p.c.s.ExchangeRateUpdaterService       : updateRatesForBaseCurrency() :: Rates saved for pair : USD_NOK
2025-07-11T11:50:59.092-04:00  INFO 95616 --- [currency_converter] [           main] c.p.c.s.ExchangeRateUpdaterService       : PAIR : USD_NPR
2025-07-11T11:50:59.093-04:00  INFO 95616 --- [currency_converter] [           main] c.p.c.s.ExchangeRateUpdaterService       : updateRatesForBaseCurrency() :: Rates saved for pair : USD_NPR
2025-07-11T11:50:59.093-04:00  INFO 95616 --- [currency_converter] [           main] c.p.c.s.ExchangeRateUpdaterService       : PAIR : USD_NZD
2025-07-11T11:50:59.094-04:00  INFO 95616 --- [currency_converter] [           main] c.p.c.s.ExchangeRateUpdaterService       : updateRatesForBaseCurrency() :: Rates saved for pair : USD_NZD
2025-07-11T11:50:59.094-04:00  INFO 95616 --- [currency_converter] [           main] c.p.c.s.ExchangeRateUpdaterService       : PAIR : USD_OMR
2025-07-11T11:50:59.095-04:00  INFO 95616 --- [currency_converter] [           main] c.p.c.s.ExchangeRateUpdaterService       : updateRatesForBaseCurrency() :: Rates saved for pair : USD_OMR
2025-07-11T11:50:59.095-04:00  INFO 95616 --- [currency_converter] [           main] c.p.c.s.ExchangeRateUpdaterService       : PAIR : USD_PAB
2025-07-11T11:50:59.096-04:00  INFO 95616 --- [currency_converter] [           main] c.p.c.s.ExchangeRateUpdaterService       : updateRatesForBaseCurrency() :: Rates saved for pair : USD_PAB
2025-07-11T11:50:59.096-04:00  INFO 95616 --- [currency_converter] [           main] c.p.c.s.ExchangeRateUpdaterService       : PAIR : USD_PEN
2025-07-11T11:50:59.097-04:00  INFO 95616 --- [currency_converter] [           main] c.p.c.s.ExchangeRateUpdaterService       : updateRatesForBaseCurrency() :: Rates saved for pair : USD_PEN
2025-07-11T11:50:59.097-04:00  INFO 95616 --- [currency_converter] [           main] c.p.c.s.ExchangeRateUpdaterService       : PAIR : USD_PGK
2025-07-11T11:50:59.098-04:00  INFO 95616 --- [currency_converter] [           main] c.p.c.s.ExchangeRateUpdaterService       : updateRatesForBaseCurrency() :: Rates saved for pair : USD_PGK
2025-07-11T11:50:59.098-04:00  INFO 95616 --- [currency_converter] [           main] c.p.c.s.ExchangeRateUpdaterService       : PAIR : USD_PHP
2025-07-11T11:50:59.100-04:00  INFO 95616 --- [currency_converter] [           main] c.p.c.s.ExchangeRateUpdaterService       : updateRatesForBaseCurrency() :: Rates saved for pair : USD_PHP
2025-07-11T11:50:59.100-04:00  INFO 95616 --- [currency_converter] [           main] c.p.c.s.ExchangeRateUpdaterService       : PAIR : USD_PKR
2025-07-11T11:50:59.101-04:00  INFO 95616 --- [currency_converter] [           main] c.p.c.s.ExchangeRateUpdaterService       : updateRatesForBaseCurrency() :: Rates saved for pair : USD_PKR
2025-07-11T11:50:59.101-04:00  INFO 95616 --- [currency_converter] [           main] c.p.c.s.ExchangeRateUpdaterService       : PAIR : USD_PLN
2025-07-11T11:50:59.102-04:00  INFO 95616 --- [currency_converter] [           main] c.p.c.s.ExchangeRateUpdaterService       : updateRatesForBaseCurrency() :: Rates saved for pair : USD_PLN
2025-07-11T11:50:59.102-04:00  INFO 95616 --- [currency_converter] [           main] c.p.c.s.ExchangeRateUpdaterService       : PAIR : USD_PYG
2025-07-11T11:50:59.103-04:00  INFO 95616 --- [currency_converter] [           main] c.p.c.s.ExchangeRateUpdaterService       : updateRatesForBaseCurrency() :: Rates saved for pair : USD_PYG
2025-07-11T11:50:59.103-04:00  INFO 95616 --- [currency_converter] [           main] c.p.c.s.ExchangeRateUpdaterService       : PAIR : USD_QAR
2025-07-11T11:50:59.104-04:00  INFO 95616 --- [currency_converter] [           main] c.p.c.s.ExchangeRateUpdaterService       : updateRatesForBaseCurrency() :: Rates saved for pair : USD_QAR
2025-07-11T11:50:59.104-04:00  INFO 95616 --- [currency_converter] [           main] c.p.c.s.ExchangeRateUpdaterService       : PAIR : USD_RON
2025-07-11T11:50:59.105-04:00  INFO 95616 --- [currency_converter] [           main] c.p.c.s.ExchangeRateUpdaterService       : updateRatesForBaseCurrency() :: Rates saved for pair : USD_RON
2025-07-11T11:50:59.105-04:00  INFO 95616 --- [currency_converter] [           main] c.p.c.s.ExchangeRateUpdaterService       : PAIR : USD_RSD
2025-07-11T11:50:59.106-04:00  INFO 95616 --- [currency_converter] [           main] c.p.c.s.ExchangeRateUpdaterService       : updateRatesForBaseCurrency() :: Rates saved for pair : USD_RSD
2025-07-11T11:50:59.106-04:00  INFO 95616 --- [currency_converter] [           main] c.p.c.s.ExchangeRateUpdaterService       : PAIR : USD_RUB
2025-07-11T11:50:59.108-04:00  INFO 95616 --- [currency_converter] [           main] c.p.c.s.ExchangeRateUpdaterService       : updateRatesForBaseCurrency() :: Rates saved for pair : USD_RUB
2025-07-11T11:50:59.108-04:00  INFO 95616 --- [currency_converter] [           main] c.p.c.s.ExchangeRateUpdaterService       : PAIR : USD_RWF
2025-07-11T11:50:59.109-04:00  INFO 95616 --- [currency_converter] [           main] c.p.c.s.ExchangeRateUpdaterService       : updateRatesForBaseCurrency() :: Rates saved for pair : USD_RWF
2025-07-11T11:50:59.109-04:00  INFO 95616 --- [currency_converter] [           main] c.p.c.s.ExchangeRateUpdaterService       : PAIR : USD_SAR
2025-07-11T11:50:59.110-04:00  INFO 95616 --- [currency_converter] [           main] c.p.c.s.ExchangeRateUpdaterService       : updateRatesForBaseCurrency() :: Rates saved for pair : USD_SAR
2025-07-11T11:50:59.110-04:00  INFO 95616 --- [currency_converter] [           main] c.p.c.s.ExchangeRateUpdaterService       : PAIR : USD_SBD
2025-07-11T11:50:59.111-04:00  INFO 95616 --- [currency_converter] [           main] c.p.c.s.ExchangeRateUpdaterService       : updateRatesForBaseCurrency() :: Rates saved for pair : USD_SBD
2025-07-11T11:50:59.111-04:00  INFO 95616 --- [currency_converter] [           main] c.p.c.s.ExchangeRateUpdaterService       : PAIR : USD_SCR
2025-07-11T11:50:59.112-04:00  INFO 95616 --- [currency_converter] [           main] c.p.c.s.ExchangeRateUpdaterService       : updateRatesForBaseCurrency() :: Rates saved for pair : USD_SCR
2025-07-11T11:50:59.112-04:00  INFO 95616 --- [currency_converter] [           main] c.p.c.s.ExchangeRateUpdaterService       : PAIR : USD_SDG
2025-07-11T11:50:59.113-04:00  INFO 95616 --- [currency_converter] [           main] c.p.c.s.ExchangeRateUpdaterService       : updateRatesForBaseCurrency() :: Rates saved for pair : USD_SDG
2025-07-11T11:50:59.113-04:00  INFO 95616 --- [currency_converter] [           main] c.p.c.s.ExchangeRateUpdaterService       : PAIR : USD_SEK
2025-07-11T11:50:59.115-04:00  INFO 95616 --- [currency_converter] [           main] c.p.c.s.ExchangeRateUpdaterService       : updateRatesForBaseCurrency() :: Rates saved for pair : USD_SEK
2025-07-11T11:50:59.115-04:00  INFO 95616 --- [currency_converter] [           main] c.p.c.s.ExchangeRateUpdaterService       : PAIR : USD_SGD
2025-07-11T11:50:59.116-04:00  INFO 95616 --- [currency_converter] [           main] c.p.c.s.ExchangeRateUpdaterService       : updateRatesForBaseCurrency() :: Rates saved for pair : USD_SGD
2025-07-11T11:50:59.116-04:00  INFO 95616 --- [currency_converter] [           main] c.p.c.s.ExchangeRateUpdaterService       : PAIR : USD_SHP
2025-07-11T11:50:59.120-04:00  INFO 95616 --- [currency_converter] [           main] c.p.c.s.ExchangeRateUpdaterService       : updateRatesForBaseCurrency() :: Rates saved for pair : USD_SHP
2025-07-11T11:50:59.120-04:00  INFO 95616 --- [currency_converter] [           main] c.p.c.s.ExchangeRateUpdaterService       : PAIR : USD_SLE
2025-07-11T11:50:59.121-04:00  INFO 95616 --- [currency_converter] [           main] c.p.c.s.ExchangeRateUpdaterService       : updateRatesForBaseCurrency() :: Rates saved for pair : USD_SLE
2025-07-11T11:50:59.121-04:00  INFO 95616 --- [currency_converter] [           main] c.p.c.s.ExchangeRateUpdaterService       : PAIR : USD_SLL
2025-07-11T11:50:59.125-04:00  INFO 95616 --- [currency_converter] [           main] c.p.c.s.ExchangeRateUpdaterService       : updateRatesForBaseCurrency() :: Rates saved for pair : USD_SLL
2025-07-11T11:50:59.125-04:00  INFO 95616 --- [currency_converter] [           main] c.p.c.s.ExchangeRateUpdaterService       : PAIR : USD_SOS
2025-07-11T11:50:59.126-04:00  INFO 95616 --- [currency_converter] [           main] c.p.c.s.ExchangeRateUpdaterService       : updateRatesForBaseCurrency() :: Rates saved for pair : USD_SOS
2025-07-11T11:50:59.126-04:00  INFO 95616 --- [currency_converter] [           main] c.p.c.s.ExchangeRateUpdaterService       : PAIR : USD_SRD
2025-07-11T11:50:59.127-04:00  INFO 95616 --- [currency_converter] [           main] c.p.c.s.ExchangeRateUpdaterService       : updateRatesForBaseCurrency() :: Rates saved for pair : USD_SRD
2025-07-11T11:50:59.127-04:00  INFO 95616 --- [currency_converter] [           main] c.p.c.s.ExchangeRateUpdaterService       : PAIR : USD_SSP
2025-07-11T11:50:59.128-04:00  INFO 95616 --- [currency_converter] [           main] c.p.c.s.ExchangeRateUpdaterService       : updateRatesForBaseCurrency() :: Rates saved for pair : USD_SSP
2025-07-11T11:50:59.128-04:00  INFO 95616 --- [currency_converter] [           main] c.p.c.s.ExchangeRateUpdaterService       : PAIR : USD_STN
2025-07-11T11:50:59.129-04:00  INFO 95616 --- [currency_converter] [           main] c.p.c.s.ExchangeRateUpdaterService       : updateRatesForBaseCurrency() :: Rates saved for pair : USD_STN
2025-07-11T11:50:59.129-04:00  INFO 95616 --- [currency_converter] [           main] c.p.c.s.ExchangeRateUpdaterService       : PAIR : USD_SYP
2025-07-11T11:50:59.130-04:00  INFO 95616 --- [currency_converter] [           main] c.p.c.s.ExchangeRateUpdaterService       : updateRatesForBaseCurrency() :: Rates saved for pair : USD_SYP
2025-07-11T11:50:59.130-04:00  INFO 95616 --- [currency_converter] [           main] c.p.c.s.ExchangeRateUpdaterService       : PAIR : USD_SZL
2025-07-11T11:50:59.131-04:00  INFO 95616 --- [currency_converter] [           main] c.p.c.s.ExchangeRateUpdaterService       : updateRatesForBaseCurrency() :: Rates saved for pair : USD_SZL
2025-07-11T11:50:59.131-04:00  INFO 95616 --- [currency_converter] [           main] c.p.c.s.ExchangeRateUpdaterService       : PAIR : USD_THB
2025-07-11T11:50:59.132-04:00  INFO 95616 --- [currency_converter] [           main] c.p.c.s.ExchangeRateUpdaterService       : updateRatesForBaseCurrency() :: Rates saved for pair : USD_THB
2025-07-11T11:50:59.132-04:00  INFO 95616 --- [currency_converter] [           main] c.p.c.s.ExchangeRateUpdaterService       : PAIR : USD_TJS
2025-07-11T11:50:59.133-04:00  INFO 95616 --- [currency_converter] [           main] c.p.c.s.ExchangeRateUpdaterService       : updateRatesForBaseCurrency() :: Rates saved for pair : USD_TJS
2025-07-11T11:50:59.133-04:00  INFO 95616 --- [currency_converter] [           main] c.p.c.s.ExchangeRateUpdaterService       : PAIR : USD_TMT
2025-07-11T11:50:59.134-04:00  INFO 95616 --- [currency_converter] [           main] c.p.c.s.ExchangeRateUpdaterService       : updateRatesForBaseCurrency() :: Rates saved for pair : USD_TMT
2025-07-11T11:50:59.134-04:00  INFO 95616 --- [currency_converter] [           main] c.p.c.s.ExchangeRateUpdaterService       : PAIR : USD_TND
2025-07-11T11:50:59.135-04:00  INFO 95616 --- [currency_converter] [           main] c.p.c.s.ExchangeRateUpdaterService       : updateRatesForBaseCurrency() :: Rates saved for pair : USD_TND
2025-07-11T11:50:59.135-04:00  INFO 95616 --- [currency_converter] [           main] c.p.c.s.ExchangeRateUpdaterService       : PAIR : USD_TOP
2025-07-11T11:50:59.136-04:00  INFO 95616 --- [currency_converter] [           main] c.p.c.s.ExchangeRateUpdaterService       : updateRatesForBaseCurrency() :: Rates saved for pair : USD_TOP
2025-07-11T11:50:59.136-04:00  INFO 95616 --- [currency_converter] [           main] c.p.c.s.ExchangeRateUpdaterService       : PAIR : USD_TRY
2025-07-11T11:50:59.137-04:00  INFO 95616 --- [currency_converter] [           main] c.p.c.s.ExchangeRateUpdaterService       : updateRatesForBaseCurrency() :: Rates saved for pair : USD_TRY
2025-07-11T11:50:59.137-04:00  INFO 95616 --- [currency_converter] [           main] c.p.c.s.ExchangeRateUpdaterService       : PAIR : USD_TTD
2025-07-11T11:50:59.138-04:00  INFO 95616 --- [currency_converter] [           main] c.p.c.s.ExchangeRateUpdaterService       : updateRatesForBaseCurrency() :: Rates saved for pair : USD_TTD
2025-07-11T11:50:59.138-04:00  INFO 95616 --- [currency_converter] [           main] c.p.c.s.ExchangeRateUpdaterService       : PAIR : USD_TVD
2025-07-11T11:50:59.139-04:00  INFO 95616 --- [currency_converter] [           main] c.p.c.s.ExchangeRateUpdaterService       : updateRatesForBaseCurrency() :: Rates saved for pair : USD_TVD
2025-07-11T11:50:59.139-04:00  INFO 95616 --- [currency_converter] [           main] c.p.c.s.ExchangeRateUpdaterService       : PAIR : USD_TWD
2025-07-11T11:50:59.140-04:00  INFO 95616 --- [currency_converter] [           main] c.p.c.s.ExchangeRateUpdaterService       : updateRatesForBaseCurrency() :: Rates saved for pair : USD_TWD
2025-07-11T11:50:59.140-04:00  INFO 95616 --- [currency_converter] [           main] c.p.c.s.ExchangeRateUpdaterService       : PAIR : USD_TZS
2025-07-11T11:50:59.141-04:00  INFO 95616 --- [currency_converter] [           main] c.p.c.s.ExchangeRateUpdaterService       : updateRatesForBaseCurrency() :: Rates saved for pair : USD_TZS
2025-07-11T11:50:59.141-04:00  INFO 95616 --- [currency_converter] [           main] c.p.c.s.ExchangeRateUpdaterService       : PAIR : USD_UAH
2025-07-11T11:50:59.142-04:00  INFO 95616 --- [currency_converter] [           main] c.p.c.s.ExchangeRateUpdaterService       : updateRatesForBaseCurrency() :: Rates saved for pair : USD_UAH
2025-07-11T11:50:59.142-04:00  INFO 95616 --- [currency_converter] [           main] c.p.c.s.ExchangeRateUpdaterService       : PAIR : USD_UGX
2025-07-11T11:50:59.143-04:00  INFO 95616 --- [currency_converter] [           main] c.p.c.s.ExchangeRateUpdaterService       : updateRatesForBaseCurrency() :: Rates saved for pair : USD_UGX
2025-07-11T11:50:59.143-04:00  INFO 95616 --- [currency_converter] [           main] c.p.c.s.ExchangeRateUpdaterService       : PAIR : USD_UYU
2025-07-11T11:50:59.144-04:00  INFO 95616 --- [currency_converter] [           main] c.p.c.s.ExchangeRateUpdaterService       : updateRatesForBaseCurrency() :: Rates saved for pair : USD_UYU
2025-07-11T11:50:59.144-04:00  INFO 95616 --- [currency_converter] [           main] c.p.c.s.ExchangeRateUpdaterService       : PAIR : USD_UZS
2025-07-11T11:50:59.145-04:00  INFO 95616 --- [currency_converter] [           main] c.p.c.s.ExchangeRateUpdaterService       : updateRatesForBaseCurrency() :: Rates saved for pair : USD_UZS
2025-07-11T11:50:59.145-04:00  INFO 95616 --- [currency_converter] [           main] c.p.c.s.ExchangeRateUpdaterService       : PAIR : USD_VES
2025-07-11T11:50:59.147-04:00  INFO 95616 --- [currency_converter] [           main] c.p.c.s.ExchangeRateUpdaterService       : updateRatesForBaseCurrency() :: Rates saved for pair : USD_VES
2025-07-11T11:50:59.147-04:00  INFO 95616 --- [currency_converter] [           main] c.p.c.s.ExchangeRateUpdaterService       : PAIR : USD_VND
2025-07-11T11:50:59.148-04:00  INFO 95616 --- [currency_converter] [           main] c.p.c.s.ExchangeRateUpdaterService       : updateRatesForBaseCurrency() :: Rates saved for pair : USD_VND
2025-07-11T11:50:59.148-04:00  INFO 95616 --- [currency_converter] [           main] c.p.c.s.ExchangeRateUpdaterService       : PAIR : USD_VUV
2025-07-11T11:50:59.149-04:00  INFO 95616 --- [currency_converter] [           main] c.p.c.s.ExchangeRateUpdaterService       : updateRatesForBaseCurrency() :: Rates saved for pair : USD_VUV
2025-07-11T11:50:59.149-04:00  INFO 95616 --- [currency_converter] [           main] c.p.c.s.ExchangeRateUpdaterService       : PAIR : USD_WST
2025-07-11T11:50:59.150-04:00  INFO 95616 --- [currency_converter] [           main] c.p.c.s.ExchangeRateUpdaterService       : updateRatesForBaseCurrency() :: Rates saved for pair : USD_WST
2025-07-11T11:50:59.150-04:00  INFO 95616 --- [currency_converter] [           main] c.p.c.s.ExchangeRateUpdaterService       : PAIR : USD_XAF
2025-07-11T11:50:59.151-04:00  INFO 95616 --- [currency_converter] [           main] c.p.c.s.ExchangeRateUpdaterService       : updateRatesForBaseCurrency() :: Rates saved for pair : USD_XAF
2025-07-11T11:50:59.151-04:00  INFO 95616 --- [currency_converter] [           main] c.p.c.s.ExchangeRateUpdaterService       : PAIR : USD_XCD
2025-07-11T11:50:59.152-04:00  INFO 95616 --- [currency_converter] [           main] c.p.c.s.ExchangeRateUpdaterService       : updateRatesForBaseCurrency() :: Rates saved for pair : USD_XCD
2025-07-11T11:50:59.152-04:00  INFO 95616 --- [currency_converter] [           main] c.p.c.s.ExchangeRateUpdaterService       : PAIR : USD_XCG
2025-07-11T11:50:59.153-04:00  INFO 95616 --- [currency_converter] [           main] c.p.c.s.ExchangeRateUpdaterService       : updateRatesForBaseCurrency() :: Rates saved for pair : USD_XCG
2025-07-11T11:50:59.153-04:00  INFO 95616 --- [currency_converter] [           main] c.p.c.s.ExchangeRateUpdaterService       : PAIR : USD_XDR
2025-07-11T11:50:59.154-04:00  INFO 95616 --- [currency_converter] [           main] c.p.c.s.ExchangeRateUpdaterService       : updateRatesForBaseCurrency() :: Rates saved for pair : USD_XDR
2025-07-11T11:50:59.154-04:00  INFO 95616 --- [currency_converter] [           main] c.p.c.s.ExchangeRateUpdaterService       : PAIR : USD_XOF
2025-07-11T11:50:59.156-04:00  INFO 95616 --- [currency_converter] [           main] c.p.c.s.ExchangeRateUpdaterService       : updateRatesForBaseCurrency() :: Rates saved for pair : USD_XOF
2025-07-11T11:50:59.156-04:00  INFO 95616 --- [currency_converter] [           main] c.p.c.s.ExchangeRateUpdaterService       : PAIR : USD_XPF
2025-07-11T11:50:59.157-04:00  INFO 95616 --- [currency_converter] [           main] c.p.c.s.ExchangeRateUpdaterService       : updateRatesForBaseCurrency() :: Rates saved for pair : USD_XPF
2025-07-11T11:50:59.157-04:00  INFO 95616 --- [currency_converter] [           main] c.p.c.s.ExchangeRateUpdaterService       : PAIR : USD_YER
2025-07-11T11:50:59.158-04:00  INFO 95616 --- [currency_converter] [           main] c.p.c.s.ExchangeRateUpdaterService       : updateRatesForBaseCurrency() :: Rates saved for pair : USD_YER
2025-07-11T11:50:59.158-04:00  INFO 95616 --- [currency_converter] [           main] c.p.c.s.ExchangeRateUpdaterService       : PAIR : USD_ZAR
2025-07-11T11:50:59.159-04:00  INFO 95616 --- [currency_converter] [           main] c.p.c.s.ExchangeRateUpdaterService       : updateRatesForBaseCurrency() :: Rates saved for pair : USD_ZAR
2025-07-11T11:50:59.159-04:00  INFO 95616 --- [currency_converter] [           main] c.p.c.s.ExchangeRateUpdaterService       : PAIR : USD_ZMW
2025-07-11T11:50:59.160-04:00  INFO 95616 --- [currency_converter] [           main] c.p.c.s.ExchangeRateUpdaterService       : updateRatesForBaseCurrency() :: Rates saved for pair : USD_ZMW
2025-07-11T11:50:59.160-04:00  INFO 95616 --- [currency_converter] [           main] c.p.c.s.ExchangeRateUpdaterService       : PAIR : USD_ZWL
2025-07-11T11:50:59.161-04:00  INFO 95616 --- [currency_converter] [           main] c.p.c.s.ExchangeRateUpdaterService       : updateRatesForBaseCurrency() :: Rates saved for pair : USD_ZWL
2025-07-11T11:50:59.161-04:00  INFO 95616 --- [currency_converter] [           main] c.p.c.s.ExchangeRateUpdaterService       : updateRatesForBaseCurrency() :: Number of successful rates saved : 163
2025-07-11T11:50:59.161-04:00  INFO 95616 --- [currency_converter] [           main] c.p.c.s.ExchangeRateUpdaterService       : initializeRates() :: Finished initializing exchange rates !!!!
2025-07-11T11:50:59.256-04:00  WARN 95616 --- [currency_converter] [           main] JpaBaseConfiguration$JpaWebConfiguration : spring.jpa.open-in-view is enabled by default. Therefore, database queries may be performed during view rendering. Explicitly configure spring.jpa.open-in-view to disable this warning
2025-07-11T11:50:59.282-04:00  INFO 95616 --- [currency_converter] [           main] o.s.v.b.OptionalValidatorFactoryBean     : Failed to set up a Bean Validation provider: jakarta.validation.NoProviderFoundException: Unable to create a Configuration, because no Jakarta Bean Validation provider could be found. Add a provider like Hibernate Validator (RI) to your classpath.
2025-07-11T11:50:59.446-04:00  INFO 95616 --- [currency_converter] [           main] o.s.b.a.h2.H2ConsoleAutoConfiguration    : H2 console available at '/h2-console'. Database available at 'jdbc:h2:mem:currencydb'
2025-07-11T11:50:59.482-04:00  INFO 95616 --- [currency_converter] [           main] c.p.c.CurrencyConverterApplicationTests  : Started CurrencyConverterApplicationTests in 3.513 seconds (process running for 4.051)
]]></system-out>
    <system-err><![CDATA[Mockito is currently self-attaching to enable the inline-mock-maker. This will no longer work in future releases of the JDK. Please add Mockito as an agent to your build as described in Mockito's documentation: https://javadoc.io/doc/org.mockito/mockito-core/latest/org.mockito/org/mockito/Mockito.html#0.3
WARNING: A Java agent has been loaded dynamically (/Users/tejasvirozukurthi/.m2/repository/net/bytebuddy/byte-buddy-agent/1.17.6/byte-buddy-agent-1.17.6.jar)
WARNING: If a serviceability tool is in use, please run with -XX:+EnableDynamicAgentLoading to hide this warning
WARNING: If a serviceability tool is not in use, please run with -Djdk.instrument.traceUsage for more information
WARNING: Dynamic loading of agents will be disallowed by default in a future release
]]></system-err>
  </testcase>
</testsuite>